<?xml version="1.0" encoding="UTF-8"?>
<!-- Generated by org.testng.reporters.JUnitReportReporter -->
<testsuite hostname="BRIMACLAP096.local" failures="0" tests="2" name="com.qa.test.LoginTest" time="32.350" errors="0" timestamp="12 Jan 2019 04:46:06 GMT" skipped="0">
  <testcase classname="com.qa.test.LoginTest" name="verifyLogin" time="12.872"/>
  <testcase classname="com.qa.test.LoginTest" name="verifyLogin" time="19.478"/>
</testsuite> <!-- com.qa.test.LoginTest -->
