<?xml version="1.0" encoding="UTF-8"?>
<!-- Generated by org.testng.reporters.JUnitReportReporter -->
<testsuite hostname="BRIMACLAP096.local" failures="0" tests="2" name="com.qa.test.LoginTest" time="39.171" errors="0" timestamp="11 Jan 2019 04:57:14 GMT" skipped="0">
  <testcase classname="com.qa.test.LoginTest" name="verifyLogin" time="14.733"/>
  <testcase classname="com.qa.test.LoginTest" name="verifyLogin" time="24.438"/>
</testsuite> <!-- com.qa.test.LoginTest -->
